0 info it worked if it ends with ok
1 verbose cli [ '/home/sshirmer/.nvm/versions/node/v5.12.0/bin/node',
1 verbose cli   '/home/sshirmer/.nvm/versions/node/v5.12.0/bin/npm',
1 verbose cli   'start' ]
2 info using npm@3.8.6
3 info using node@v5.12.0
4 verbose run-script [ 'prestart', 'start', 'poststart' ]
5 info lifecycle tabs_wiht_router@0.1.0~prestart: tabs_wiht_router@0.1.0
6 silly lifecycle tabs_wiht_router@0.1.0~prestart: no script for prestart, continuing
7 info lifecycle tabs_wiht_router@0.1.0~start: tabs_wiht_router@0.1.0
8 verbose lifecycle tabs_wiht_router@0.1.0~start: unsafe-perm in lifecycle true
9 verbose lifecycle tabs_wiht_router@0.1.0~start: PATH: /home/sshirmer/.nvm/versions/node/v5.12.0/lib/node_modules/npm/bin/node-gyp-bin:/home/sshirmer/proj/tabs_wiht_router/node_modules/.bin:/home/sshirmer/.nvm/versions/node/v5.12.0/bin:/home/sshirmer/.nvm/versions/node/v5.12.0/bin:/home/sshirmer/.linuxbrew/bin:/home/sshirmer/.local/share/umake/bin:/home/sshirmer/.linuxbrew/bin:/home/sshirmer/.rvm/gems/ruby-2.4.0/bin:/home/sshirmer/.rvm/gems/ruby-2.4.0@global/bin:/home/sshirmer/.rvm/rubies/ruby-2.4.0/bin:/home/sshirmer/.local/share/umake/bin:/usr/local/sbin:/usr/local/bin:/usr/sbin:/usr/bin:/sbin:/bin:/usr/games:/usr/local/games:/snap/bin:/usr/lib/jvm/java-8-oracle/bin:/usr/lib/jvm/java-8-oracle/db/bin:/usr/lib/jvm/java-8-oracle/jre/bin:/home/sshirmer/.rvm/bin:/snap/bin:/usr/lib/jvm/java-8-oracle/bin:/usr/lib/jvm/java-8-oracle/db/bin:/usr/lib/jvm/java-8-oracle/jre/bin:/home/sshirmer/.rvm/bin
10 verbose lifecycle tabs_wiht_router@0.1.0~start: CWD: /home/sshirmer/proj/tabs_wiht_router
11 silly lifecycle tabs_wiht_router@0.1.0~start: Args: [ '-c', 'npm-run-all -p watch-css start-js' ]
12 silly lifecycle tabs_wiht_router@0.1.0~start: Returned: code: 1  signal: null
13 info lifecycle tabs_wiht_router@0.1.0~start: Failed to exec start script
14 verbose stack Error: tabs_wiht_router@0.1.0 start: `npm-run-all -p watch-css start-js`
14 verbose stack Exit status 1
14 verbose stack     at EventEmitter.<anonymous> (/home/sshirmer/.nvm/versions/node/v5.12.0/lib/node_modules/npm/lib/utils/lifecycle.js:239:16)
14 verbose stack     at emitTwo (events.js:100:13)
14 verbose stack     at EventEmitter.emit (events.js:185:7)
14 verbose stack     at ChildProcess.<anonymous> (/home/sshirmer/.nvm/versions/node/v5.12.0/lib/node_modules/npm/lib/utils/spawn.js:24:14)
14 verbose stack     at emitTwo (events.js:100:13)
14 verbose stack     at ChildProcess.emit (events.js:185:7)
14 verbose stack     at maybeClose (internal/child_process.js:850:16)
14 verbose stack     at Process.ChildProcess._handle.onexit (internal/child_process.js:215:5)
15 verbose pkgid tabs_wiht_router@0.1.0
16 verbose cwd /home/sshirmer/proj/tabs_wiht_router
17 error Linux 4.4.0-97-generic
18 error argv "/home/sshirmer/.nvm/versions/node/v5.12.0/bin/node" "/home/sshirmer/.nvm/versions/node/v5.12.0/bin/npm" "start"
19 error node v5.12.0
20 error npm  v3.8.6
21 error code ELIFECYCLE
22 error tabs_wiht_router@0.1.0 start: `npm-run-all -p watch-css start-js`
22 error Exit status 1
23 error Failed at the tabs_wiht_router@0.1.0 start script 'npm-run-all -p watch-css start-js'.
23 error Make sure you have the latest version of node.js and npm installed.
23 error If you do, this is most likely a problem with the tabs_wiht_router package,
23 error not with npm itself.
23 error Tell the author that this fails on your system:
23 error     npm-run-all -p watch-css start-js
23 error You can get information on how to open an issue for this project with:
23 error     npm bugs tabs_wiht_router
23 error Or if that isn't available, you can get their info via:
23 error     npm owner ls tabs_wiht_router
23 error There is likely additional logging output above.
24 verbose exit [ 1, true ]
